<?xml version="1.0" encoding="UTF-8"?>
<testng-results ignored="0" total="2" passed="2" failed="0" skipped="0">
  <reporter-output>
  </reporter-output>
  <suite started-at="2026-06-06T13:43:36 GMT+03:00" name="Surefire suite" finished-at="2026-06-06T13:43:38 GMT+03:00" duration-ms="2354">
    <groups>
    </groups>
    <test started-at="2026-06-06T13:43:36 GMT+03:00" name="Surefire test" finished-at="2026-06-06T13:43:38 GMT+03:00" duration-ms="2354">
      <class name="api.ReqresApiTests">
        <test-method is-config="true" signature="setup()[pri:0, instance:api.ReqresApiTests@6166e06f]" started-at="2026-06-06T13:43:36 GMT+03:00" name="setup" finished-at="2026-06-06T13:43:36 GMT+03:00" duration-ms="424" status="PASS">
          <reporter-output>
          </reporter-output>
        </test-method> <!-- setup -->
        <test-method signature="testCreateUser()[pri:0, instance:api.ReqresApiTests@6166e06f]" started-at="2026-06-06T13:43:36 GMT+03:00" name="testCreateUser" finished-at="2026-06-06T13:43:38 GMT+03:00" duration-ms="1656" status="PASS">
          <reporter-output>
          </reporter-output>
        </test-method> <!-- testCreateUser -->
        <test-method signature="testGetUser()[pri:0, instance:api.ReqresApiTests@6166e06f]" started-at="2026-06-06T13:43:38 GMT+03:00" name="testGetUser" finished-at="2026-06-06T13:43:38 GMT+03:00" duration-ms="249" status="PASS">
          <reporter-output>
          </reporter-output>
        </test-method> <!-- testGetUser -->
      </class> <!-- api.ReqresApiTests -->
    </test> <!-- Surefire test -->
  </suite> <!-- Surefire suite -->
</testng-results>
